{
  "stats": {
    "suites": 1,
    "tests": 3,
    "passes": 2,
    "pending": 0,
    "failures": 1,
    "start": "2024-02-11T22:51:13.273Z",
    "end": "2024-02-11T22:51:25.573Z",
    "duration": 12300,
    "testsRegistered": 3,
    "passPercent": 66.66666666666666,
    "pendingPercent": 0,
    "other": 0,
    "hasOther": false,
    "skipped": 0,
    "hasSkipped": false
  },
  "results": [
    {
      "uuid": "4d6af615-5a1f-40cc-afca-bda75aa442e1",
      "title": "",
      "fullFile": "/Users/kolofinmoyin/Documents/Projects/TechTest/UserManagement.Web/test/UserListView.js",
      "file": "/test/UserListView.js",
      "beforeHooks": [],
      "afterHooks": [],
      "tests": [],
      "suites": [
        {
          "uuid": "cec3f85f-797f-4f9e-8430-8dbe8f9c4e86",
          "title": "User Management Page",
          "fullFile": "/Users/kolofinmoyin/Documents/Projects/TechTest/UserManagement.Web/test/UserListView.js",
          "file": "/test/UserListView.js",
          "beforeHooks": [
            {
              "title": "\"before each\" hook in \"User Management Page\"",
              "fullTitle": "User Management Page \"before each\" hook in \"User Management Page\"",
              "timedOut": false,
              "duration": 471,
              "state": null,
              "speed": null,
              "pass": false,
              "fail": false,
              "pending": false,
              "context": null,
              "code": "let options = new chrome.Options();\noptions.addArguments('--headless'); // Enable headless mode\n// Add options to clear cache\noptions.setUserPreferences({\n    'profile.default_content_settings': { 'images': 2 },\n    'profile.managed_default_content_settings': { 'images': 2 }\n});\n\ndriver = await new Builder().forBrowser(\"chrome\").setChromeOptions(options).build();\nawait driver.manage().setTimeouts({ implicit: 5000 });\n//Maximize current window\nawait driver.manage().window().maximize();",
              "err": {},
              "uuid": "97b35c05-155f-4a4e-90ec-29f0b3693632",
              "parentUUID": "cec3f85f-797f-4f9e-8430-8dbe8f9c4e86",
              "isHook": true,
              "skipped": false
            }
          ],
          "afterHooks": [
            {
              "title": "\"after each\" hook in \"User Management Page\"",
              "fullTitle": "User Management Page \"after each\" hook in \"User Management Page\"",
              "timedOut": false,
              "duration": 56,
              "state": null,
              "speed": null,
              "pass": false,
              "fail": false,
              "pending": false,
              "context": null,
              "code": "await driver.quit();",
              "err": {},
              "uuid": "a3a97ad2-bf0a-4e28-9ded-e53fdde05985",
              "parentUUID": "cec3f85f-797f-4f9e-8430-8dbe8f9c4e86",
              "isHook": true,
              "skipped": false
            }
          ],
          "tests": [
            {
              "title": "Should display ALL users when clicking the 'Show All' button",
              "fullTitle": "User Management Page Should display ALL users when clicking the 'Show All' button",
              "timedOut": false,
              "duration": 178,
              "state": "passed",
              "speed": "slow",
              "pass": true,
              "fail": false,
              "pending": false,
              "context": null,
              "code": "const { expect } = await import(\"chai\");\nconst baseUrl = \"http://localhost:5000/users\";\nawait driver.get(baseUrl);\nconst element = await driver.findElement(By.xpath(\"//a[contains(text(), 'Show All')]\"));\nawait driver.executeScript(\"arguments[0].click();\", element);\n// Locate the <tr> element with 'Active Only' attributes using XPath\nconst activeElement = await driver.findElement(By.xpath(\"//tr[td[contains(text(), 'Benjamin Franklin')]]\"));\n// Assert that the Active user is present\nexpect(await activeElement.isDisplayed()).to.be.true;\n// Locate the <tr> element with 'Non Active' attributes using XPath\nconst inActiveElement = await driver.findElement(By.xpath(\"//tr[td[contains(text(), 'Castor')]]\"));\n// Assert that the 'Non Active' user is present\nexpect(await inActiveElement.isDisplayed()).to.be.true;",
              "err": {},
              "uuid": "9df1685e-b55b-471f-9754-72b4280ce32f",
              "parentUUID": "cec3f85f-797f-4f9e-8430-8dbe8f9c4e86",
              "isHook": false,
              "skipped": false
            },
            {
              "title": "Should filter out non-active records when clicking 'Active Only' button",
              "fullTitle": "User Management Page Should filter out non-active records when clicking 'Active Only' button",
              "timedOut": false,
              "duration": 10165,
              "state": "passed",
              "speed": "slow",
              "pass": true,
              "fail": false,
              "pending": false,
              "context": null,
              "code": "const { expect } = await import(\"chai\");\nconst baseUrl = \"http://localhost:5000/users\";\nawait driver.get(baseUrl);\n// Click on the 'Active Only' button\nconst activeOnlyButton = await driver.findElement(By.xpath(\"//a[contains(text(), 'Active Only')]\"));\nawait driver.executeScript(\"arguments[0].click();\", activeOnlyButton);\n// Wait for the page to reload and data to update\n// Locate all elements in the 'Active Account' column\nconst activeAccountElements = await driver.findElements(By.xpath(\"//td[contains(@class, 'active-account')]\"));\n// Verify that all elements in the 'Active Account' column have the text 'Yes'\nfor (const element of activeAccountElements) {\n    const text = await element.getText();\n    expect(text).toBe(\"Yes\", \"Expected all elements in 'Active Account' column to have text 'Yes'\");\n}\n// Ensure that there are no elements with the text 'No' in the 'Active Account' column\nconst inactiveAccountElements = await driver.findElements(By.xpath(\"//td[contains(@class, 'active-account') and contains(text(), 'No')]\"));\nexpect(inactiveAccountElements.length).to.equal(0, \"Expected no elements with text 'No' in 'Active Account' column\");",
              "err": {},
              "uuid": "f3c1d93d-a8b5-4e77-a000-2e3b42ac6468",
              "parentUUID": "cec3f85f-797f-4f9e-8430-8dbe8f9c4e86",
              "isHook": false,
              "skipped": false
            },
            {
              "title": "Should filter out active records when clicking 'Non Active' button",
              "fullTitle": "User Management Page Should filter out active records when clicking 'Non Active' button",
              "timedOut": false,
              "duration": 102,
              "state": "failed",
              "speed": null,
              "pass": false,
              "fail": true,
              "pending": false,
              "context": null,
              "code": "const { expect } = await import(\"chai\");\nconst baseUrl = \"http://localhost:5000/users\";\nawait driver.get(baseUrl);\n// Click on the 'Non Active' button\nconst nonActiveButton = await driver.findElement(By.xpath(\"//a[contains(text(), 'Non Active')]\"));\n// Wait for the page to reload and data to update\nawait driver.executeScript(\"arguments[1].click();\", nonActiveButton);\n// Locate all elements in the 'Non Active Account' column\nconst nonActiveAccountElements = await driver.findElements(By.xpath(\"//td[contains(@class, 'non-active-account')]\"));\n// Verify that all elements in the 'Non Active Account' column have the text 'No'\nfor (const element of nonActiveAccountElements) {\n    const text = await element.getText();\n    expect(text).toBe(\"No\", \"Expected all elements in 'Non Active Account' column to have text 'No'\");\n}\n// Ensure that there are no elements with the text 'Yes' in the 'Non Active Account' column\nconst activeAccountElements = await driver.findElements(By.xpath(\"//td[contains(@class, 'non-active-account') and contains(text(), 'Yes')]\"));\nexpect(activeAccountElements.length).to.equal(0, \"Expected no elements with text 'Yes' in 'Non Active Account' column\");",
              "err": {
                "message": "JavascriptError: javascript error: Cannot read properties of undefined (reading 'click')\n  (Session info: chrome-headless-shell=121.0.6167.160)",
                "estack": "JavascriptError: javascript error: Cannot read properties of undefined (reading 'click')\n  (Session info: chrome-headless-shell=121.0.6167.160)\n    at Object.throwDecodedError (node_modules/selenium-webdriver/lib/error.js:524:15)\n    at parseHttpResponse (node_modules/selenium-webdriver/lib/http.js:605:13)\n    at Executor.execute (node_modules/selenium-webdriver/lib/http.js:533:28)\n    at process.processTicksAndRejections (node:internal/process/task_queues:95:5)\n    at async Driver.execute (node_modules/selenium-webdriver/lib/webdriver.js:746:17)\n    at async Context.<anonymous> (test/UserListView.js:85:9)",
                "diff": null
              },
              "uuid": "f5f2013c-8dcb-43c2-a0f3-7383455d5568",
              "parentUUID": "cec3f85f-797f-4f9e-8430-8dbe8f9c4e86",
              "isHook": false,
              "skipped": false
            }
          ],
          "suites": [],
          "passes": [
            "9df1685e-b55b-471f-9754-72b4280ce32f",
            "f3c1d93d-a8b5-4e77-a000-2e3b42ac6468"
          ],
          "failures": [
            "f5f2013c-8dcb-43c2-a0f3-7383455d5568"
          ],
          "pending": [],
          "skipped": [],
          "duration": 10445,
          "root": false,
          "rootEmpty": false,
          "_timeout": 0
        }
      ],
      "passes": [],
      "failures": [],
      "pending": [],
      "skipped": [],
      "duration": 0,
      "root": true,
      "rootEmpty": true,
      "_timeout": 0
    }
  ],
  "meta": {
    "mocha": {
      "version": "10.3.0"
    },
    "mochawesome": {
      "options": {
        "quiet": false,
        "reportFilename": "mochawesome",
        "saveHtml": true,
        "saveJson": true,
        "consoleReporter": "spec",
        "useInlineDiffs": false,
        "code": true
      },
      "version": "7.1.3"
    },
    "marge": {
      "options": null,
      "version": "6.2.0"
    }
  }
}