{
  "stats": {
    "suites": 1,
    "tests": 2,
    "passes": 2,
    "pending": 0,
    "failures": 0,
    "start": "2024-02-11T13:23:21.674Z",
    "end": "2024-02-11T13:23:33.893Z",
    "duration": 12219,
    "testsRegistered": 2,
    "passPercent": 100,
    "pendingPercent": 0,
    "other": 0,
    "hasOther": false,
    "skipped": 0,
    "hasSkipped": false
  },
  "results": [
    {
      "uuid": "ed795ce7-07f8-4a65-90dd-dec2eace6424",
      "title": "",
      "fullFile": "/Users/kolofinmoyin/Documents/Projects/TechTest/UserManagement.Web/test/UserListView.js",
      "file": "/test/UserListView.js",
      "beforeHooks": [],
      "afterHooks": [],
      "tests": [],
      "suites": [
        {
          "uuid": "b29f59a6-00ae-40d8-ac5a-2afbcfd0b4cd",
          "title": "User Management Page",
          "fullFile": "/Users/kolofinmoyin/Documents/Projects/TechTest/UserManagement.Web/test/UserListView.js",
          "file": "/test/UserListView.js",
          "beforeHooks": [
            {
              "title": "\"before each\" hook in \"User Management Page\"",
              "fullTitle": "User Management Page \"before each\" hook in \"User Management Page\"",
              "timedOut": false,
              "duration": 696,
              "state": null,
              "speed": null,
              "pass": false,
              "fail": false,
              "pending": false,
              "context": null,
              "code": "let options = new chrome.Options();\noptions.addArguments('--headless'); // Enable headless mode\n\ndriver = await new Builder().forBrowser(\"chrome\").setChromeOptions(options).build();\nawait driver.manage().setTimeouts({ implicit: 5000 });\n//Maximize current window\nawait driver.manage().window().maximize();\nconst baseUrl = \"http://localhost:5000/users\";\nawait driver.get(baseUrl);",
              "err": {},
              "uuid": "7630e1be-635a-4c63-9ec7-ce7162177b17",
              "parentUUID": "b29f59a6-00ae-40d8-ac5a-2afbcfd0b4cd",
              "isHook": true,
              "skipped": false
            }
          ],
          "afterHooks": [
            {
              "title": "\"after each\" hook in \"User Management Page\"",
              "fullTitle": "User Management Page \"after each\" hook in \"User Management Page\"",
              "timedOut": false,
              "duration": 57,
              "state": null,
              "speed": null,
              "pass": false,
              "fail": false,
              "pending": false,
              "context": null,
              "code": "await driver.quit();",
              "err": {},
              "uuid": "be2229f3-d510-47a0-818b-7d0484a4bd2f",
              "parentUUID": "b29f59a6-00ae-40d8-ac5a-2afbcfd0b4cd",
              "isHook": true,
              "skipped": false
            }
          ],
          "tests": [
            {
              "title": "Should display ALL users when clicking the 'Show All' button",
              "fullTitle": "User Management Page Should display ALL users when clicking the 'Show All' button",
              "timedOut": false,
              "duration": 79,
              "state": "passed",
              "speed": "slow",
              "pass": true,
              "fail": false,
              "pending": false,
              "context": null,
              "code": "const { expect } = await import(\"chai\");\nconst element = await driver.findElement(By.xpath(\"//a[contains(text(), 'Show All')]\"));\nawait driver.executeScript(\"arguments[0].click();\", element);\n// Locate the <tr> element with 'Active Only' attributes using XPath\nconst activeElement = await driver.findElement(By.xpath(\"//tr[td[contains(text(), 'Benjamin Franklin')]]\"));\n// Assert that the Active user is present\nexpect(await activeElement.isDisplayed()).to.be.true;\n// Locate the <tr> element with 'Non Active' attributes using XPath\nconst inActiveElement = await driver.findElement(By.xpath(\"//tr[td[contains(text(), 'Castor')]]\"));\n// Assert that the 'Non Active' user is present\nexpect(await inActiveElement.isDisplayed()).to.be.true;",
              "err": {},
              "uuid": "77ca7d75-de21-405e-8504-eb494b28f164",
              "parentUUID": "b29f59a6-00ae-40d8-ac5a-2afbcfd0b4cd",
              "isHook": false,
              "skipped": false
            },
            {
              "title": "Should filter out non-active records when clicking 'Active Only' button",
              "fullTitle": "User Management Page Should filter out non-active records when clicking 'Active Only' button",
              "timedOut": false,
              "duration": 10111,
              "state": "passed",
              "speed": "slow",
              "pass": true,
              "fail": false,
              "pending": false,
              "context": null,
              "code": "const { expect } = await import(\"chai\");\n\n// Click on the 'Active Only' button\nconst activeOnlyButton = await driver.findElement(By.xpath(\"//a[contains(text(), 'Active Only')]\"));\nawait driver.executeScript(\"arguments[0].click();\", activeOnlyButton);\n// Wait for the page to reload and data to update\n// Locate all elements in the 'Active Account' column\nconst activeAccountElements = await driver.findElements(By.xpath(\"//td[contains(@class, 'active-account')]\"));\n// Verify that all elements in the 'Active Account' column have the text 'Yes'\nfor (const element of activeAccountElements) {\n    const text = await element.getText();\n    expect(text).toBe(\"Yes\");\n}\n// Ensure that there are no elements with the text 'No' in the 'Active Account' column\nconst inactiveAccountElements = await driver.findElements(By.xpath(\"//td[contains(@class, 'active-account') and contains(text(), 'No')]\"));\nexpect(inactiveAccountElements.length).to.equal(0);",
              "err": {},
              "uuid": "e61fdb9b-f942-47d6-90ff-05a4d89a2684",
              "parentUUID": "b29f59a6-00ae-40d8-ac5a-2afbcfd0b4cd",
              "isHook": false,
              "skipped": false
            }
          ],
          "suites": [],
          "passes": [
            "77ca7d75-de21-405e-8504-eb494b28f164",
            "e61fdb9b-f942-47d6-90ff-05a4d89a2684"
          ],
          "failures": [],
          "pending": [],
          "skipped": [],
          "duration": 10190,
          "root": false,
          "rootEmpty": false,
          "_timeout": 0
        }
      ],
      "passes": [],
      "failures": [],
      "pending": [],
      "skipped": [],
      "duration": 0,
      "root": true,
      "rootEmpty": true,
      "_timeout": 0
    }
  ],
  "meta": {
    "mocha": {
      "version": "10.3.0"
    },
    "mochawesome": {
      "options": {
        "quiet": false,
        "reportFilename": "mochawesome",
        "saveHtml": true,
        "saveJson": true,
        "consoleReporter": "spec",
        "useInlineDiffs": false,
        "code": true
      },
      "version": "7.1.3"
    },
    "marge": {
      "options": null,
      "version": "6.2.0"
    }
  }
}