{
  "stats": {
    "suites": 1,
    "tests": 2,
    "passes": 2,
    "pending": 0,
    "failures": 0,
    "start": "2024-02-11T14:53:33.070Z",
    "end": "2024-02-11T14:53:44.917Z",
    "duration": 11847,
    "testsRegistered": 2,
    "passPercent": 100,
    "pendingPercent": 0,
    "other": 0,
    "hasOther": false,
    "skipped": 0,
    "hasSkipped": false
  },
  "results": [
    {
      "uuid": "fcfcb882-4df1-405f-a092-9d7c2b9e30e3",
      "title": "",
      "fullFile": "/Users/kolofinmoyin/Documents/Projects/TechTest/UserManagement.Web/test/UserListView.js",
      "file": "/test/UserListView.js",
      "beforeHooks": [],
      "afterHooks": [],
      "tests": [],
      "suites": [
        {
          "uuid": "d0652735-e9c2-42f7-b299-8022a5f44499",
          "title": "User Management Page",
          "fullFile": "/Users/kolofinmoyin/Documents/Projects/TechTest/UserManagement.Web/test/UserListView.js",
          "file": "/test/UserListView.js",
          "beforeHooks": [
            {
              "title": "\"before each\" hook in \"User Management Page\"",
              "fullTitle": "User Management Page \"before each\" hook in \"User Management Page\"",
              "timedOut": false,
              "duration": 506,
              "state": null,
              "speed": null,
              "pass": false,
              "fail": false,
              "pending": false,
              "context": null,
              "code": "let options = new chrome.Options();\noptions.addArguments('--headless'); // Enable headless mode\n// Add options to clear cache\noptions.setUserPreferences({\n    'profile.default_content_settings': { 'images': 2 },\n    'profile.managed_default_content_settings': { 'images': 2 }\n});\n\ndriver = await new Builder().forBrowser(\"chrome\").setChromeOptions(options).build();\nawait driver.manage().setTimeouts({ implicit: 5000 });\n//Maximize current window\nawait driver.manage().window().maximize();\nconst baseUrl = \"http://localhost:5000/users\";\nawait driver.get(baseUrl);",
              "err": {},
              "uuid": "72525a76-e41e-43be-8386-f5c1cd68582a",
              "parentUUID": "d0652735-e9c2-42f7-b299-8022a5f44499",
              "isHook": true,
              "skipped": false
            }
          ],
          "afterHooks": [
            {
              "title": "\"after each\" hook in \"User Management Page\"",
              "fullTitle": "User Management Page \"after each\" hook in \"User Management Page\"",
              "timedOut": false,
              "duration": 57,
              "state": null,
              "speed": null,
              "pass": false,
              "fail": false,
              "pending": false,
              "context": null,
              "code": "await driver.quit();",
              "err": {},
              "uuid": "9037c3b2-2495-47c5-9af6-f551321f66ae",
              "parentUUID": "d0652735-e9c2-42f7-b299-8022a5f44499",
              "isHook": true,
              "skipped": false
            }
          ],
          "tests": [
            {
              "title": "Should display ALL users when clicking the 'Show All' button",
              "fullTitle": "User Management Page Should display ALL users when clicking the 'Show All' button",
              "timedOut": false,
              "duration": 58,
              "state": "passed",
              "speed": "medium",
              "pass": true,
              "fail": false,
              "pending": false,
              "context": null,
              "code": "const { expect } = await import(\"chai\");\nconst element = await driver.findElement(By.xpath(\"//a[contains(text(), 'Show All')]\"));\nawait driver.executeScript(\"arguments[0].click();\", element);\n// Locate the <tr> element with 'Active Only' attributes using XPath\nconst activeElement = await driver.findElement(By.xpath(\"//tr[td[contains(text(), 'Benjamin Franklin')]]\"));\n// Assert that the Active user is present\nexpect(await activeElement.isDisplayed()).to.be.true;\n// Locate the <tr> element with 'Non Active' attributes using XPath\nconst inActiveElement = await driver.findElement(By.xpath(\"//tr[td[contains(text(), 'Castor')]]\"));\n// Assert that the 'Non Active' user is present\nexpect(await inActiveElement.isDisplayed()).to.be.true;",
              "err": {},
              "uuid": "1b3123aa-c8e1-44f6-b251-9f5dbf0d426e",
              "parentUUID": "d0652735-e9c2-42f7-b299-8022a5f44499",
              "isHook": false,
              "skipped": false
            },
            {
              "title": "Should filter out non-active records when clicking 'Active Only' button",
              "fullTitle": "User Management Page Should filter out non-active records when clicking 'Active Only' button",
              "timedOut": false,
              "duration": 10059,
              "state": "passed",
              "speed": "slow",
              "pass": true,
              "fail": false,
              "pending": false,
              "context": null,
              "code": "const { expect } = await import(\"chai\");\n\n// Click on the 'Active Only' button\nconst activeOnlyButton = await driver.findElement(By.xpath(\"//a[contains(text(), 'Active Only')]\"));\nawait driver.executeScript(\"arguments[0].click();\", activeOnlyButton);\n// Wait for the page to reload and data to update\n// Locate all elements in the 'Active Account' column\nconst activeAccountElements = await driver.findElements(By.xpath(\"//td[contains(@class, 'active-account')]\"));\n// Verify that all elements in the 'Active Account' column have the text 'Yes'\nfor (const element of activeAccountElements) {\n    const text = await element.getText();\n    expect(text).toBe(\"Yes\");\n}\n// Ensure that there are no elements with the text 'No' in the 'Active Account' column\nconst inactiveAccountElements = await driver.findElements(By.xpath(\"//td[contains(@class, 'active-account') and contains(text(), 'No')]\"));\nexpect(inactiveAccountElements.length).to.equal(0);",
              "err": {},
              "uuid": "4c6840ce-655a-4cdc-8553-37916b4f96a7",
              "parentUUID": "d0652735-e9c2-42f7-b299-8022a5f44499",
              "isHook": false,
              "skipped": false
            }
          ],
          "suites": [],
          "passes": [
            "1b3123aa-c8e1-44f6-b251-9f5dbf0d426e",
            "4c6840ce-655a-4cdc-8553-37916b4f96a7"
          ],
          "failures": [],
          "pending": [],
          "skipped": [],
          "duration": 10117,
          "root": false,
          "rootEmpty": false,
          "_timeout": 0
        }
      ],
      "passes": [],
      "failures": [],
      "pending": [],
      "skipped": [],
      "duration": 0,
      "root": true,
      "rootEmpty": true,
      "_timeout": 0
    }
  ],
  "meta": {
    "mocha": {
      "version": "10.3.0"
    },
    "mochawesome": {
      "options": {
        "quiet": false,
        "reportFilename": "mochawesome",
        "saveHtml": true,
        "saveJson": true,
        "consoleReporter": "spec",
        "useInlineDiffs": false,
        "code": true
      },
      "version": "7.1.3"
    },
    "marge": {
      "options": null,
      "version": "6.2.0"
    }
  }
}