{
  "stats": {
    "suites": 1,
    "tests": 3,
    "passes": 3,
    "pending": 0,
    "failures": 0,
    "start": "2024-02-11T23:25:34.366Z",
    "end": "2024-02-11T23:25:56.942Z",
    "duration": 22576,
    "testsRegistered": 3,
    "passPercent": 100,
    "pendingPercent": 0,
    "other": 0,
    "hasOther": false,
    "skipped": 0,
    "hasSkipped": false
  },
  "results": [
    {
      "uuid": "55cd15b2-0190-4f82-ac4e-b5f286a321ae",
      "title": "",
      "fullFile": "/Users/kolofinmoyin/Documents/Projects/TechTest/UserManagement.Web/test/UserListView.js",
      "file": "/test/UserListView.js",
      "beforeHooks": [],
      "afterHooks": [],
      "tests": [],
      "suites": [
        {
          "uuid": "81fc2624-e3e4-4ba5-bfbe-5e4c783e83fc",
          "title": "User Management Page",
          "fullFile": "/Users/kolofinmoyin/Documents/Projects/TechTest/UserManagement.Web/test/UserListView.js",
          "file": "/test/UserListView.js",
          "beforeHooks": [
            {
              "title": "\"before each\" hook in \"User Management Page\"",
              "fullTitle": "User Management Page \"before each\" hook in \"User Management Page\"",
              "timedOut": false,
              "duration": 499,
              "state": null,
              "speed": null,
              "pass": false,
              "fail": false,
              "pending": false,
              "context": null,
              "code": "let options = new chrome.Options();\noptions.addArguments('--headless'); // Enable headless mode\n// Add options to clear cache\noptions.setUserPreferences({\n    'profile.default_content_settings': { 'images': 2 },\n    'profile.managed_default_content_settings': { 'images': 2 }\n});\n\ndriver = await new Builder().forBrowser(\"chrome\").setChromeOptions(options).build();\nawait driver.manage().setTimeouts({ implicit: 5000 });\n//Maximize current window\nawait driver.manage().window().maximize();",
              "err": {},
              "uuid": "b7bd39a4-4da3-4b46-a090-69bb63a74faa",
              "parentUUID": "81fc2624-e3e4-4ba5-bfbe-5e4c783e83fc",
              "isHook": true,
              "skipped": false
            }
          ],
          "afterHooks": [
            {
              "title": "\"after each\" hook in \"User Management Page\"",
              "fullTitle": "User Management Page \"after each\" hook in \"User Management Page\"",
              "timedOut": false,
              "duration": 57,
              "state": null,
              "speed": null,
              "pass": false,
              "fail": false,
              "pending": false,
              "context": null,
              "code": "await driver.quit();",
              "err": {},
              "uuid": "eeffc13b-72af-4f2e-a668-7b7f12baf2e7",
              "parentUUID": "81fc2624-e3e4-4ba5-bfbe-5e4c783e83fc",
              "isHook": true,
              "skipped": false
            }
          ],
          "tests": [
            {
              "title": "Should display ALL users when clicking the 'Show All' button",
              "fullTitle": "User Management Page Should display ALL users when clicking the 'Show All' button",
              "timedOut": false,
              "duration": 174,
              "state": "passed",
              "speed": "slow",
              "pass": true,
              "fail": false,
              "pending": false,
              "context": null,
              "code": "const { expect } = await import(\"chai\");\nconst baseUrl = \"http://localhost:5000/users\";\nawait driver.get(baseUrl);\nconst element = await driver.findElement(By.xpath(\"//a[contains(text(), 'Show All')]\"));\nawait driver.executeScript(\"arguments[0].click();\", element);\n// Locate the <tr> element with 'Active Only' attributes using XPath\nconst activeElement = await driver.findElement(By.xpath(\"//tr[td[contains(text(), 'Benjamin Franklin')]]\"));\n// Assert that the Active user is present\nexpect(await activeElement.isDisplayed()).to.be.true;\n// Locate the <tr> element with 'Non Active' attributes using XPath\nconst inActiveElement = await driver.findElement(By.xpath(\"//tr[td[contains(text(), 'Castor')]]\"));\n// Assert that the 'Non Active' user is present\nexpect(await inActiveElement.isDisplayed()).to.be.true;",
              "err": {},
              "uuid": "c3e41609-9fc3-4090-9d46-5850d9d74d0c",
              "parentUUID": "81fc2624-e3e4-4ba5-bfbe-5e4c783e83fc",
              "isHook": false,
              "skipped": false
            },
            {
              "title": "Should filter out non-active records when clicking 'Active Only' button",
              "fullTitle": "User Management Page Should filter out non-active records when clicking 'Active Only' button",
              "timedOut": false,
              "duration": 10154,
              "state": "passed",
              "speed": "slow",
              "pass": true,
              "fail": false,
              "pending": false,
              "context": null,
              "code": "const { expect } = await import(\"chai\");\nconst baseUrl = \"http://localhost:5000/users\";\nawait driver.get(baseUrl);\n// Click on the 'Active Only' button\nconst activeOnlyButton = await driver.findElement(By.xpath(\"//a[contains(text(), 'Active Only')]\"));\nawait driver.executeScript(\"arguments[0].click();\", activeOnlyButton);\n// Wait for the page to reload and data to update\n// Locate all elements in the 'Active Account' column\nconst activeAccountElements = await driver.findElements(By.xpath(\"//td[contains(@class, 'active-account')]\"));\n// Verify that all elements in the 'Active Account' column have the text 'Yes'\nfor (const element of activeAccountElements) {\n    const text = await element.getText();\n    expect(text).toBe(\"Yes\", \"Expected all elements in 'Active Account' column to have text 'Yes'\");\n}\n// Ensure that there are no elements with the text 'No' in the 'Active Account' column\nconst inactiveAccountElements = await driver.findElements(By.xpath(\"//td[contains(@class, 'active-account') and contains(text(), 'No')]\"));\nexpect(inactiveAccountElements.length).to.equal(0, \"Expected no elements with text 'No' in 'Active Account' column\");",
              "err": {},
              "uuid": "533d3ace-6a39-4962-8104-613726c983ba",
              "parentUUID": "81fc2624-e3e4-4ba5-bfbe-5e4c783e83fc",
              "isHook": false,
              "skipped": false
            },
            {
              "title": "Should filter out active records when clicking 'Non Active' button",
              "fullTitle": "User Management Page Should filter out active records when clicking 'Non Active' button",
              "timedOut": false,
              "duration": 10175,
              "state": "passed",
              "speed": "slow",
              "pass": true,
              "fail": false,
              "pending": false,
              "context": null,
              "code": "const { expect } = await import(\"chai\");\nconst baseUrl = \"http://localhost:5000/users\";\nawait driver.get(baseUrl);\n// Click on the 'Non Active' button\nconst nonActiveButton = await driver.findElement(By.xpath(\"//a[contains(text(), 'Non Active')]\"));\n// Wait for the page to reload and data to update\nawait driver.executeScript(\"arguments[0].click();\", nonActiveButton);\n// Locate all elements in the 'Non Active Account' column\nconst inactiveAccountElements = await driver.findElements(By.xpath(\"//td[contains(@class, 'active-account')]\"));\n// Verify that all elements in the 'Non Active Account' column have the text 'No'\nfor (const element of inactiveAccountElements) {\n    const text = await element.getText();\n    expect(text).toBe(\"No\", \"Expected all elements in 'Non Active Account' column to have text 'No'\");\n}\n// Ensure that there are no elements with the text 'Yes' in the 'Non Active Account' column\nconst activeAccountElements = await driver.findElements(By.xpath(\"//td[contains(@class, 'active-account') and contains(text(), 'Yes')]\"));\nexpect(activeAccountElements.length).to.equal(0, \"Expected no elements with text 'Yes' in 'Non Active Account' column\");",
              "err": {},
              "uuid": "98f6ca47-efb7-41c2-aa10-6da1c70fe9b5",
              "parentUUID": "81fc2624-e3e4-4ba5-bfbe-5e4c783e83fc",
              "isHook": false,
              "skipped": false
            }
          ],
          "suites": [],
          "passes": [
            "c3e41609-9fc3-4090-9d46-5850d9d74d0c",
            "533d3ace-6a39-4962-8104-613726c983ba",
            "98f6ca47-efb7-41c2-aa10-6da1c70fe9b5"
          ],
          "failures": [],
          "pending": [],
          "skipped": [],
          "duration": 20503,
          "root": false,
          "rootEmpty": false,
          "_timeout": 0
        }
      ],
      "passes": [],
      "failures": [],
      "pending": [],
      "skipped": [],
      "duration": 0,
      "root": true,
      "rootEmpty": true,
      "_timeout": 0
    }
  ],
  "meta": {
    "mocha": {
      "version": "10.3.0"
    },
    "mochawesome": {
      "options": {
        "quiet": false,
        "reportFilename": "mochawesome",
        "saveHtml": true,
        "saveJson": true,
        "consoleReporter": "spec",
        "useInlineDiffs": false,
        "code": true
      },
      "version": "7.1.3"
    },
    "marge": {
      "options": null,
      "version": "6.2.0"
    }
  }
}