{
  "stats": {
    "suites": 1,
    "tests": 2,
    "passes": 2,
    "pending": 0,
    "failures": 0,
    "start": "2024-02-10T23:03:53.672Z",
    "end": "2024-02-10T23:04:09.616Z",
    "duration": 15944,
    "testsRegistered": 2,
    "passPercent": 100,
    "pendingPercent": 0,
    "other": 0,
    "hasOther": false,
    "skipped": 0,
    "hasSkipped": false
  },
  "results": [
    {
      "uuid": "16a791b6-fd83-483e-88cd-566f169405f4",
      "title": "",
      "fullFile": "/Users/kolofinmoyin/Documents/Projects/TechTest/UserManagement.Web/test/UserListView.js",
      "file": "/test/UserListView.js",
      "beforeHooks": [],
      "afterHooks": [],
      "tests": [],
      "suites": [
        {
          "uuid": "e799abac-c497-40f7-8562-9644098adfb2",
          "title": "User Management Page",
          "fullFile": "/Users/kolofinmoyin/Documents/Projects/TechTest/UserManagement.Web/test/UserListView.js",
          "file": "/test/UserListView.js",
          "beforeHooks": [
            {
              "title": "\"before each\" hook in \"User Management Page\"",
              "fullTitle": "User Management Page \"before each\" hook in \"User Management Page\"",
              "timedOut": false,
              "duration": 3053,
              "state": null,
              "speed": null,
              "pass": false,
              "fail": false,
              "pending": false,
              "context": null,
              "code": "driver = await new Builder().forBrowser(\"chrome\").build();\nawait driver.manage().setTimeouts({ implicit: 5000 });\n//Maximize current window\nawait driver.manage().window().maximize();\nconst baseUrl = \"https://localhost:7084/users\";\nawait driver.get(baseUrl);",
              "err": {},
              "uuid": "57cb70b6-db3c-4ef9-ad2b-232c0323123a",
              "parentUUID": "e799abac-c497-40f7-8562-9644098adfb2",
              "isHook": true,
              "skipped": false
            }
          ],
          "afterHooks": [
            {
              "title": "\"after each\" hook in \"User Management Page\"",
              "fullTitle": "User Management Page \"after each\" hook in \"User Management Page\"",
              "timedOut": false,
              "duration": 53,
              "state": null,
              "speed": null,
              "pass": false,
              "fail": false,
              "pending": false,
              "context": null,
              "code": "await driver.quit();",
              "err": {},
              "uuid": "d8dd9cc5-ca3c-4b7f-a7c6-e361969a7ac3",
              "parentUUID": "e799abac-c497-40f7-8562-9644098adfb2",
              "isHook": true,
              "skipped": false
            }
          ],
          "tests": [
            {
              "title": "Should display ALL users when clicking the 'Show All' button",
              "fullTitle": "User Management Page Should display ALL users when clicking the 'Show All' button",
              "timedOut": false,
              "duration": 93,
              "state": "passed",
              "speed": "slow",
              "pass": true,
              "fail": false,
              "pending": false,
              "context": null,
              "code": "const { expect } = await import(\"chai\");\n//const baseUrl = \"https://localhost:7084/users\";\n//await driver.get(baseUrl);\nconst element = await driver.findElement(By.xpath(\"//a[contains(text(), 'Show All')]\"));\nawait driver.executeScript(\"arguments[0].click();\", element);\n// Locate the <tr> element with 'Active Only' attributes using XPath\nconst activeElement = await driver.findElement(By.xpath(\"//tr[td[contains(text(), 'Benjamin Franklin')]]\"));\n// Assert that the Active user is present\nexpect(await activeElement.isDisplayed()).to.be.true;\n// Locate the <tr> element with 'Non Active' attributes using XPath\nconst inActiveElement = await driver.findElement(By.xpath(\"//tr[td[contains(text(), 'Castor')]]\"));\n// Assert that the 'Non Active' user is present\nexpect(await inActiveElement.isDisplayed()).to.be.true;",
              "err": {},
              "uuid": "318df684-7945-41cd-804f-354c4cd18356",
              "parentUUID": "e799abac-c497-40f7-8562-9644098adfb2",
              "isHook": false,
              "skipped": false
            },
            {
              "title": "Should filter out non-active records when clicking 'Active Only' button",
              "fullTitle": "User Management Page Should filter out non-active records when clicking 'Active Only' button",
              "timedOut": false,
              "duration": 10077,
              "state": "passed",
              "speed": "slow",
              "pass": true,
              "fail": false,
              "pending": false,
              "context": null,
              "code": "const { expect } = await import(\"chai\");\n\n// Click on the 'Active Only' button\nconst activeOnlyButton = await driver.findElement(By.xpath(\"//a[contains(text(), 'Active Only')]\"));\nawait driver.executeScript(\"arguments[0].click();\", activeOnlyButton);\n// Wait for the page to reload and data to update\n// Locate all elements in the 'Active Account' column\nconst activeAccountElements = await driver.findElements(By.xpath(\"//td[contains(@class, 'active-account')]\"));\n// Verify that all elements in the 'Active Account' column have the text 'Yes'\nfor (const element of activeAccountElements) {\n    const text = await element.getText();\n    expect(text).toBe(\"Yes\");\n}\n// Ensure that there are no elements with the text 'No' in the 'Active Account' column\nconst inactiveAccountElements = await driver.findElements(By.xpath(\"//td[contains(@class, 'active-account') and contains(text(), 'No')]\"));\nexpect(inactiveAccountElements.length).to.equal(0);",
              "err": {},
              "uuid": "0a29773f-9dad-4fbe-b1b6-dea755b49f21",
              "parentUUID": "e799abac-c497-40f7-8562-9644098adfb2",
              "isHook": false,
              "skipped": false
            }
          ],
          "suites": [],
          "passes": [
            "318df684-7945-41cd-804f-354c4cd18356",
            "0a29773f-9dad-4fbe-b1b6-dea755b49f21"
          ],
          "failures": [],
          "pending": [],
          "skipped": [],
          "duration": 10170,
          "root": false,
          "rootEmpty": false,
          "_timeout": 0
        }
      ],
      "passes": [],
      "failures": [],
      "pending": [],
      "skipped": [],
      "duration": 0,
      "root": true,
      "rootEmpty": true,
      "_timeout": 0
    }
  ],
  "meta": {
    "mocha": {
      "version": "10.3.0"
    },
    "mochawesome": {
      "options": {
        "quiet": false,
        "reportFilename": "mochawesome",
        "saveHtml": true,
        "saveJson": true,
        "consoleReporter": "spec",
        "useInlineDiffs": false,
        "code": true
      },
      "version": "7.1.3"
    },
    "marge": {
      "options": null,
      "version": "6.2.0"
    }
  }
}